<?xml version="1.0" encoding="UTF-8"?>
<testsuite name="AllergiesTest" tests="1" skipped="0" failures="0" errors="0" timestamp="2016-04-21T18:06:43" hostname="epicodus-79.local" time="0.001">
  <properties/>
  <testcase name="checka_AllergiesScorer_" classname="AllergiesTest" time="0.001"/>
  <system-out><![CDATA[]]></system-out>
  <system-err><![CDATA[]]></system-err>
</testsuite>
